Using pre-set license
Built from '2020.3/staging' branch; Version is '2020.3.6f1 (338bb68529b2) revision 3378102'; Using compiler version '192528614'; Build Type 'Release'
OS: 'Windows 10 Pro; OS build 19043.1052; Version 2009; 64bit' Language: 'pt' Physical Memory: 32623 MB
BatchMode: 1, IsHumanControllingUs: 0, StartBugReporterOnCrash: 0, Is64bit: 1, IsPro: 0

 COMMAND LINE ARGUMENTS:
C:\Program Files\Unity\Editor\Unity.exe
-adb2
-batchMode
-noUpm
-name
AssetImportWorker0
-projectPath
C:/Users/Guest/Documents/GitHub/Tutorial-roguelike-unity
-logFile
Logs/AssetImportWorker0.log
-srvPort
63944
Successfully changed project path to: C:/Users/Guest/Documents/GitHub/Tutorial-roguelike-unity
C:/Users/Guest/Documents/GitHub/Tutorial-roguelike-unity
Using Asset Import Pipeline V2.
Refreshing native plugins compatible for Editor in 35.78 ms, found 1 plugins.
Preloading 0 native plugins for Editor in 0.00 ms.
Initialize engine version: 2020.3.6f1 (338bb68529b2)
[Subsystems] Discovering subsystems at path C:/Program Files/Unity/Editor/Data/Resources/UnitySubsystems
[Subsystems] Discovering subsystems at path C:/Users/Guest/Documents/GitHub/Tutorial-roguelike-unity/Assets
GfxDevice: creating device client; threaded=0
Direct3D:
    Version:  Direct3D 11.0 [level 11.1]
    Renderer: NVIDIA GeForce GTX 1660 Ti (ID=0x2191)
    Vendor:   
    VRAM:     5991 MB
    Driver:   27.21.14.6677
Initialize mono
Mono path[0] = 'C:/Program Files/Unity/Editor/Data/Managed'
Mono path[1] = 'C:/Program Files/Unity/Editor/Data/MonoBleedingEdge/lib/mono/unityjit'
Mono config path = 'C:/Program Files/Unity/Editor/Data/MonoBleedingEdge/etc'
Using monoOptions --debugger-agent=transport=dt_socket,embedding=1,server=y,suspend=n,address=127.0.0.1:56088
Begin MonoManager ReloadAssembly
Registering precompiled unity dll's ...
Register platform support module: C:/Program Files/Unity/Editor/Data/PlaybackEngines/WindowsStandaloneSupport/UnityEditor.WindowsStandalone.Extensions.dll
Registered in 0.001731 seconds.
Native extension for WindowsStandalone target not found
Refreshing native plugins compatible for Editor in 36.21 ms, found 1 plugins.
Preloading 0 native plugins for Editor in 0.00 ms.
Mono: successfully reloaded assembly
- Completed reload, in  0.949 seconds
Platform modules already initialized, skipping
Registering precompiled user dll's ...
Registered in 0.000900 seconds.
Begin MonoManager ReloadAssembly
Native extension for WindowsStandalone target not found
Refreshing native plugins compatible for Editor in 35.86 ms, found 1 plugins.
Preloading 0 native plugins for Editor in 0.00 ms.
Mono: successfully reloaded assembly
- Completed reload, in  0.893 seconds
Platform modules already initialized, skipping
========================================================================
Worker process is ready to serve import requests
Launched and connected shader compiler UnityShaderCompiler.exe after 0.04 seconds
Refreshing native plugins compatible for Editor in 0.33 ms, found 1 plugins.
Preloading 0 native plugins for Editor in 0.00 ms.
Unloading 2108 Unused Serialized files (Serialized files now loaded: 0)
System memory in use before: 95.7 MB.
System memory in use after: 95.6 MB.

Unloading 26 unused Assets to reduce memory usage. Loaded Objects now: 2552.
Total: 2.192100 ms (FindLiveObjects: 0.173400 ms CreateObjectMapping: 0.074600 ms MarkObjects: 1.829700 ms  DeleteObjects: 0.113400 ms)

========================================================================
Received Import Request.
  path: Assets/Sprites/Player/spr_player_left_strip6.png
  artifactKey: Guid(cc6e92204f686544c88580e69cc8fa6e) Importer(815301076,1909f56bfc062723c751e8b465ee728b)
Start importing Assets/Sprites/Player/spr_player_left_strip6.png using Guid(cc6e92204f686544c88580e69cc8fa6e) Importer(815301076,1909f56bfc062723c751e8b465ee728b)  -> (artifact id: 'a7f370042d85449ce14689a6a7d29632') in 0.129775 seconds
  Import took 0.133445 seconds .

========================================================================
Received Import Request.
  Time since last request: 0.000316 seconds.
  path: Assets/Sprites/Player/spr_player_up_strip6.png
  artifactKey: Guid(7ab33a19c4766914f88e4c238e29c67d) Importer(815301076,1909f56bfc062723c751e8b465ee728b)
Start importing Assets/Sprites/Player/spr_player_up_strip6.png using Guid(7ab33a19c4766914f88e4c238e29c67d) Importer(815301076,1909f56bfc062723c751e8b465ee728b)  -> (artifact id: '75d9147c39f8507cbb1f814792bd23c6') in 0.023100 seconds
  Import took 0.026800 seconds .

========================================================================
Received Import Request.
  Time since last request: 0.000284 seconds.
  path: Assets/Sprites
  artifactKey: Guid(2fc51b5991508fa4298f0b2b5d5b5f71) Importer(815301076,1909f56bfc062723c751e8b465ee728b)
Start importing Assets/Sprites using Guid(2fc51b5991508fa4298f0b2b5d5b5f71) Importer(815301076,1909f56bfc062723c751e8b465ee728b)  -> (artifact id: 'f47e30fa252b26ff8c1da6dad2cf7e54') in 0.006793 seconds
  Import took 0.010314 seconds .

========================================================================
Received Import Request.
  Time since last request: 0.000280 seconds.
  path: Assets/Sprites/Player
  artifactKey: Guid(6fe16a88f82af69489bbc2aba39dee9b) Importer(815301076,1909f56bfc062723c751e8b465ee728b)
Start importing Assets/Sprites/Player using Guid(6fe16a88f82af69489bbc2aba39dee9b) Importer(815301076,1909f56bfc062723c751e8b465ee728b)  -> (artifact id: '6994366f98e1f0cb25bfd6ec40050d38') in 0.007456 seconds
  Import took 0.012685 seconds .

========================================================================
Received Import Request.
  Time since last request: 0.000297 seconds.
  path: Assets/Sprites/Enemies
  artifactKey: Guid(a162a4e6fdaf0ef47b4006900fae381a) Importer(815301076,1909f56bfc062723c751e8b465ee728b)
Start importing Assets/Sprites/Enemies using Guid(a162a4e6fdaf0ef47b4006900fae381a) Importer(815301076,1909f56bfc062723c751e8b465ee728b)  -> (artifact id: 'f6e0bd05a5fa474a1072014de8f8593b') in 0.006877 seconds
  Import took 0.011269 seconds .

========================================================================
Received Import Request.
  Time since last request: 0.000251 seconds.
  path: Assets/Sprites/Dungeon.png
  artifactKey: Guid(f7065206da78cf94a8b1a0f833ef235b) Importer(815301076,1909f56bfc062723c751e8b465ee728b)
Start importing Assets/Sprites/Dungeon.png using Guid(f7065206da78cf94a8b1a0f833ef235b) Importer(815301076,1909f56bfc062723c751e8b465ee728b)  -> (artifact id: 'ae4230c04a5750f0b236a43ed21ee94a') in 0.026187 seconds
  Import took 0.029712 seconds .

========================================================================
Received Import Request.
  Time since last request: 0.000299 seconds.
  path: Assets/Sprites/Player/spr_player_down_strip6.png
  artifactKey: Guid(6b06812e8e9a3da46bb6298c7306ebd5) Importer(815301076,1909f56bfc062723c751e8b465ee728b)
Start importing Assets/Sprites/Player/spr_player_down_strip6.png using Guid(6b06812e8e9a3da46bb6298c7306ebd5) Importer(815301076,1909f56bfc062723c751e8b465ee728b)  -> (artifact id: '47d3eabe2631e6fc7fadc5f48df93816') in 0.018759 seconds
  Import took 0.022910 seconds .

========================================================================
Received Import Request.
  Time since last request: 0.000379 seconds.
  path: Assets/Sprites/Player/spr_player_right_strip6.png
  artifactKey: Guid(4944904e54c8d6d41bc387c8a42735c5) Importer(815301076,1909f56bfc062723c751e8b465ee728b)
Start importing Assets/Sprites/Player/spr_player_right_strip6.png using Guid(4944904e54c8d6d41bc387c8a42735c5) Importer(815301076,1909f56bfc062723c751e8b465ee728b)  -> (artifact id: '3892202e70f7143c3444abd432f10494') in 0.024792 seconds
  Import took 0.028901 seconds .

========================================================================
Received Import Request.
  Time since last request: 129.986165 seconds.
  path: Assets/Sprites/Player/Aqua Staff.png
  artifactKey: Guid(ecf19cc23053b404dbef75dd44936128) Importer(815301076,1909f56bfc062723c751e8b465ee728b)
Start importing Assets/Sprites/Player/Aqua Staff.png using Guid(ecf19cc23053b404dbef75dd44936128) Importer(815301076,1909f56bfc062723c751e8b465ee728b)  -> (artifact id: '98cf0e99c816fb15395993b52e8900d9') in 0.011132 seconds
  Import took 0.014885 seconds .

========================================================================
Received Import Request.
  Time since last request: 0.047375 seconds.
  path: Assets/Sprites/Player/Aqua Staff.png
  artifactKey: Guid(ecf19cc23053b404dbef75dd44936128) Importer(815301076,1909f56bfc062723c751e8b465ee728b)
Start importing Assets/Sprites/Player/Aqua Staff.png using Guid(ecf19cc23053b404dbef75dd44936128) Importer(815301076,1909f56bfc062723c751e8b465ee728b)  -> (artifact id: '98cf0e99c816fb15395993b52e8900d9') in 0.005200 seconds
  Import took 0.008520 seconds .

========================================================================
Received Import Request.
  Time since last request: 13.249429 seconds.
  path: Assets/Sprites/Player/Aqua Staff.png
  artifactKey: Guid(ecf19cc23053b404dbef75dd44936128) Importer(815301076,1909f56bfc062723c751e8b465ee728b)
Start importing Assets/Sprites/Player/Aqua Staff.png using Guid(ecf19cc23053b404dbef75dd44936128) Importer(815301076,1909f56bfc062723c751e8b465ee728b)  -> (artifact id: '71bf37790c4084e80155f989e50deea6') in 0.007223 seconds
  Import took 0.010943 seconds .

========================================================================
Received Import Request.
  Time since last request: 13.988229 seconds.
  path: Assets/Sprites/Player/Aqua Staff.png
  artifactKey: Guid(ecf19cc23053b404dbef75dd44936128) Importer(815301076,1909f56bfc062723c751e8b465ee728b)
Start importing Assets/Sprites/Player/Aqua Staff.png using Guid(ecf19cc23053b404dbef75dd44936128) Importer(815301076,1909f56bfc062723c751e8b465ee728b)  -> (artifact id: 'd4e86f3241d7adb7fb9bb43d68e1a4df') in 0.006527 seconds
  Import took 0.011151 seconds .

========================================================================
Received Import Request.
  Time since last request: 4.103478 seconds.
  path: Assets/Sprites/Player/Aqua Staff.png
  artifactKey: Guid(ecf19cc23053b404dbef75dd44936128) Importer(815301076,1909f56bfc062723c751e8b465ee728b)
Start importing Assets/Sprites/Player/Aqua Staff.png using Guid(ecf19cc23053b404dbef75dd44936128) Importer(815301076,1909f56bfc062723c751e8b465ee728b)  -> (artifact id: 'ff80efccd8dce64af9b4b334a5021063') in 0.006665 seconds
  Import took 0.010185 seconds .

========================================================================
Received Import Request.
  Time since last request: 0.004941 seconds.
  path: Assets/Sprites/Player/Aqua Staff.png
  artifactKey: Guid(ecf19cc23053b404dbef75dd44936128) Importer(815301076,1909f56bfc062723c751e8b465ee728b)
Start importing Assets/Sprites/Player/Aqua Staff.png using Guid(ecf19cc23053b404dbef75dd44936128) Importer(815301076,1909f56bfc062723c751e8b465ee728b)  -> (artifact id: 'ff80efccd8dce64af9b4b334a5021063') in 0.007423 seconds
  Import took 0.011357 seconds .

========================================================================
Received Import Request.
  Time since last request: 5.423501 seconds.
  path: Assets/Sprites/Player/Aqua Staff.png
  artifactKey: Guid(ecf19cc23053b404dbef75dd44936128) Importer(815301076,1909f56bfc062723c751e8b465ee728b)
Start importing Assets/Sprites/Player/Aqua Staff.png using Guid(ecf19cc23053b404dbef75dd44936128) Importer(815301076,1909f56bfc062723c751e8b465ee728b)  -> (artifact id: '237d03fc497014c2464bc617c5b6e841') in 0.005995 seconds
  Import took 0.010045 seconds .

========================================================================
Received Import Request.
  Time since last request: 0.007163 seconds.
  path: Assets/Sprites/Player/Aqua Staff.png
  artifactKey: Guid(ecf19cc23053b404dbef75dd44936128) Importer(815301076,1909f56bfc062723c751e8b465ee728b)
Start importing Assets/Sprites/Player/Aqua Staff.png using Guid(ecf19cc23053b404dbef75dd44936128) Importer(815301076,1909f56bfc062723c751e8b465ee728b)  -> (artifact id: '237d03fc497014c2464bc617c5b6e841') in 0.007019 seconds
  Import took 0.010461 seconds .

========================================================================
Received Import Request.
  Time since last request: 14.317177 seconds.
  path: Assets/Sprites/Player/Aqua Staff.png
  artifactKey: Guid(ecf19cc23053b404dbef75dd44936128) Importer(815301076,1909f56bfc062723c751e8b465ee728b)
Start importing Assets/Sprites/Player/Aqua Staff.png using Guid(ecf19cc23053b404dbef75dd44936128) Importer(815301076,1909f56bfc062723c751e8b465ee728b)  -> (artifact id: '8b97095e5c9192a03a30934db7888f47') in 0.006780 seconds
  Import took 0.010189 seconds .

========================================================================
Received Import Request.
  Time since last request: 0.001057 seconds.
  path: Assets/Sprites/Player/Aqua Staff.png
  artifactKey: Guid(ecf19cc23053b404dbef75dd44936128) Importer(815301076,1909f56bfc062723c751e8b465ee728b)
Start importing Assets/Sprites/Player/Aqua Staff.png using Guid(ecf19cc23053b404dbef75dd44936128) Importer(815301076,1909f56bfc062723c751e8b465ee728b)  -> (artifact id: '8b97095e5c9192a03a30934db7888f47') in 0.006327 seconds
  Import took 0.009568 seconds .

========================================================================
Received Import Request.
  Time since last request: 14.732405 seconds.
  path: Assets/Scripts
  artifactKey: Guid(03875737d94dfc845b73e21a065539c8) Importer(815301076,1909f56bfc062723c751e8b465ee728b)
Start importing Assets/Scripts using Guid(03875737d94dfc845b73e21a065539c8) Importer(815301076,1909f56bfc062723c751e8b465ee728b)  -> (artifact id: '223d00a4880efa45edbc6e884a402c9b') in 0.007555 seconds
  Import took 0.011192 seconds .

========================================================================
Received Import Request.
  Time since last request: 0.000727 seconds.
  path: Assets/Scripts
  artifactKey: Guid(03875737d94dfc845b73e21a065539c8) Importer(815301076,1909f56bfc062723c751e8b465ee728b)
Start importing Assets/Scripts using Guid(03875737d94dfc845b73e21a065539c8) Importer(815301076,1909f56bfc062723c751e8b465ee728b)  -> (artifact id: '223d00a4880efa45edbc6e884a402c9b') in 0.003036 seconds
  Import took 0.006542 seconds .

========================================================================
Received Import Request.
  Time since last request: 0.076636 seconds.
  path: Assets/Scripts/InputActions.inputactions
  artifactKey: Guid(ebab36149538a9f47bdf2278f5fcb4ba) Importer(815301076,1909f56bfc062723c751e8b465ee728b)
Start importing Assets/Scripts/InputActions.inputactions using Guid(ebab36149538a9f47bdf2278f5fcb4ba) Importer(815301076,1909f56bfc062723c751e8b465ee728b)  -> (artifact id: 'c0719799e3f3406fc4eec4e8288aa9a3') in 0.014428 seconds
  Import took 0.018389 seconds .

========================================================================
Received Prepare
Registering precompiled user dll's ...
Registered in 0.000927 seconds.
Begin MonoManager ReloadAssembly
Native extension for WindowsStandalone target not found
Refreshing native plugins compatible for Editor in 0.37 ms, found 1 plugins.
Preloading 0 native plugins for Editor in 0.00 ms.
Mono: successfully reloaded assembly
- Completed reload, in  0.834 seconds
Platform modules already initialized, skipping
Refreshing native plugins compatible for Editor in 0.34 ms, found 1 plugins.
Preloading 0 native plugins for Editor in 0.00 ms.
Unloading 2104 Unused Serialized files (Serialized files now loaded: 0)
System memory in use before: 98.8 MB.
System memory in use after: 98.7 MB.

Unloading 12 unused Assets to reduce memory usage. Loaded Objects now: 2568.
Total: 2.029100 ms (FindLiveObjects: 0.187300 ms CreateObjectMapping: 0.059800 ms MarkObjects: 1.695000 ms  DeleteObjects: 0.085900 ms)

========================================================================
Received Import Request.
  Time since last request: 13.263877 seconds.
  path: Assets/Scripts/NewBehaviourScript.cs
  artifactKey: Guid(0b2cef6b054d82a41b07630ebffb663b) Importer(815301076,1909f56bfc062723c751e8b465ee728b)
Start importing Assets/Scripts/NewBehaviourScript.cs using Guid(0b2cef6b054d82a41b07630ebffb663b) Importer(815301076,1909f56bfc062723c751e8b465ee728b)  -> (artifact id: '66d52d79fba9a4e4619518f13cbb1fe1') in 0.020392 seconds
  Import took 0.023727 seconds .

========================================================================
Received Prepare
Registering precompiled user dll's ...
Registered in 0.000925 seconds.
Begin MonoManager ReloadAssembly
Native extension for WindowsStandalone target not found
Refreshing native plugins compatible for Editor in 0.35 ms, found 1 plugins.
Preloading 0 native plugins for Editor in 0.00 ms.
Mono: successfully reloaded assembly
- Completed reload, in  0.823 seconds
Platform modules already initialized, skipping
Refreshing native plugins compatible for Editor in 0.51 ms, found 1 plugins.
Preloading 0 native plugins for Editor in 0.00 ms.
Unloading 2103 Unused Serialized files (Serialized files now loaded: 0)
System memory in use before: 98.8 MB.
System memory in use after: 98.8 MB.

Unloading 13 unused Assets to reduce memory usage. Loaded Objects now: 2571.
Total: 2.096200 ms (FindLiveObjects: 0.218200 ms CreateObjectMapping: 0.084900 ms MarkObjects: 1.653500 ms  DeleteObjects: 0.138600 ms)

========================================================================
Received Import Request.
  Time since last request: 51.682264 seconds.
  path: Assets/Scripts/Weapon.cs
  artifactKey: Guid(eeb02183011d5494b85480282d0276fd) Importer(815301076,1909f56bfc062723c751e8b465ee728b)
Start importing Assets/Scripts/Weapon.cs using Guid(eeb02183011d5494b85480282d0276fd) Importer(815301076,1909f56bfc062723c751e8b465ee728b)  -> (artifact id: '8d87ca4462785e8038ebec435018f40d') in 0.008649 seconds
  Import took 0.012009 seconds .

========================================================================
Received Prepare
Registering precompiled user dll's ...
Registered in 0.001549 seconds.
Begin MonoManager ReloadAssembly
Native extension for WindowsStandalone target not found
Refreshing native plugins compatible for Editor in 0.36 ms, found 1 plugins.
Preloading 0 native plugins for Editor in 0.00 ms.
Mono: successfully reloaded assembly
- Completed reload, in  0.998 seconds
Platform modules already initialized, skipping
Refreshing native plugins compatible for Editor in 0.46 ms, found 1 plugins.
Preloading 0 native plugins for Editor in 0.00 ms.
Unloading 2104 Unused Serialized files (Serialized files now loaded: 0)
System memory in use before: 98.8 MB.
System memory in use after: 98.8 MB.

Unloading 12 unused Assets to reduce memory usage. Loaded Objects now: 2576.
Total: 2.457200 ms (FindLiveObjects: 0.326500 ms CreateObjectMapping: 0.124200 ms MarkObjects: 1.902200 ms  DeleteObjects: 0.102800 ms)

========================================================================
Received Import Request.
  Time since last request: 244.088442 seconds.
  path: Assets/Scripts/Weapon.cs
  artifactKey: Guid(eeb02183011d5494b85480282d0276fd) Importer(815301076,1909f56bfc062723c751e8b465ee728b)
Start importing Assets/Scripts/Weapon.cs using Guid(eeb02183011d5494b85480282d0276fd) Importer(815301076,1909f56bfc062723c751e8b465ee728b)  -> (artifact id: '3041ea4498fc6f6439d11b280bf7fa5f') in 0.011724 seconds
  Import took 0.016175 seconds .

========================================================================
Received Import Request.
  Time since last request: 0.054219 seconds.
  path: Assets/Scripts/Weapon.cs
  artifactKey: Guid(eeb02183011d5494b85480282d0276fd) Importer(815301076,1909f56bfc062723c751e8b465ee728b)
Start importing Assets/Scripts/Weapon.cs using Guid(eeb02183011d5494b85480282d0276fd) Importer(815301076,1909f56bfc062723c751e8b465ee728b)  -> (artifact id: '3041ea4498fc6f6439d11b280bf7fa5f') in 0.002507 seconds
  Import took 0.005995 seconds .

========================================================================
Received Import Request.
  Time since last request: 187.120376 seconds.
  path: Assets/Scripts/Weapon.cs
  artifactKey: Guid(eeb02183011d5494b85480282d0276fd) Importer(815301076,1909f56bfc062723c751e8b465ee728b)
Start importing Assets/Scripts/Weapon.cs using Guid(eeb02183011d5494b85480282d0276fd) Importer(815301076,1909f56bfc062723c751e8b465ee728b)  -> (artifact id: 'd98eb8d37f0d3f6217de1abb3e2b20d7') in 0.002462 seconds
  Import took 0.006570 seconds .

========================================================================
Received Prepare
Registering precompiled user dll's ...
Registered in 0.000909 seconds.
Begin MonoManager ReloadAssembly
Native extension for WindowsStandalone target not found
Refreshing native plugins compatible for Editor in 0.35 ms, found 1 plugins.
Preloading 0 native plugins for Editor in 0.00 ms.
Mono: successfully reloaded assembly
- Completed reload, in  0.884 seconds
Platform modules already initialized, skipping
Refreshing native plugins compatible for Editor in 0.42 ms, found 1 plugins.
Preloading 0 native plugins for Editor in 0.00 ms.
Unloading 2104 Unused Serialized files (Serialized files now loaded: 0)
System memory in use before: 98.8 MB.
System memory in use after: 98.8 MB.

Unloading 12 unused Assets to reduce memory usage. Loaded Objects now: 2580.
Total: 2.263000 ms (FindLiveObjects: 0.195000 ms CreateObjectMapping: 0.078400 ms MarkObjects: 1.878500 ms  DeleteObjects: 0.109900 ms)

========================================================================
Received Prepare
Registering precompiled user dll's ...
Registered in 0.000970 seconds.
Begin MonoManager ReloadAssembly
Native extension for WindowsStandalone target not found
Refreshing native plugins compatible for Editor in 0.35 ms, found 1 plugins.
Preloading 0 native plugins for Editor in 0.00 ms.
Mono: successfully reloaded assembly
- Completed reload, in  0.845 seconds
Platform modules already initialized, skipping
Refreshing native plugins compatible for Editor in 0.35 ms, found 1 plugins.
Preloading 0 native plugins for Editor in 0.00 ms.
Unloading 2104 Unused Serialized files (Serialized files now loaded: 0)
System memory in use before: 98.8 MB.
System memory in use after: 98.8 MB.

Unloading 12 unused Assets to reduce memory usage. Loaded Objects now: 2584.
Total: 2.455300 ms (FindLiveObjects: 0.213700 ms CreateObjectMapping: 0.084500 ms MarkObjects: 2.049100 ms  DeleteObjects: 0.106800 ms)

========================================================================
Received Prepare
Registering precompiled user dll's ...
Registered in 0.000923 seconds.
Begin MonoManager ReloadAssembly
Native extension for WindowsStandalone target not found
Refreshing native plugins compatible for Editor in 0.39 ms, found 1 plugins.
Preloading 0 native plugins for Editor in 0.00 ms.
Mono: successfully reloaded assembly
- Completed reload, in  0.835 seconds
Platform modules already initialized, skipping
Refreshing native plugins compatible for Editor in 0.39 ms, found 1 plugins.
Preloading 0 native plugins for Editor in 0.00 ms.
Unloading 2104 Unused Serialized files (Serialized files now loaded: 0)
System memory in use before: 98.9 MB.
System memory in use after: 98.8 MB.

Unloading 12 unused Assets to reduce memory usage. Loaded Objects now: 2588.
Total: 2.698300 ms (FindLiveObjects: 0.445300 ms CreateObjectMapping: 0.204100 ms MarkObjects: 1.949000 ms  DeleteObjects: 0.098600 ms)

========================================================================
Received Import Request.
  Time since last request: 705.920808 seconds.
  path: Assets/Prefabs
  artifactKey: Guid(981e8695e9bfe654d8ed30f505cc6941) Importer(815301076,1909f56bfc062723c751e8b465ee728b)
Start importing Assets/Prefabs using Guid(981e8695e9bfe654d8ed30f505cc6941) Importer(815301076,1909f56bfc062723c751e8b465ee728b)  -> (artifact id: 'da10e4eb2237a10ef3e484b813082363') in 0.012922 seconds
  Import took 0.016599 seconds .

========================================================================
Received Import Request.
  Time since last request: 3.426334 seconds.
  path: Assets/Prefabs/CianProjectile.prefab
  artifactKey: Guid(925d6209cf2a72848a8478df079f6e7e) Importer(815301076,1909f56bfc062723c751e8b465ee728b)
Start importing Assets/Prefabs/CianProjectile.prefab using Guid(925d6209cf2a72848a8478df079f6e7e) Importer(815301076,1909f56bfc062723c751e8b465ee728b)  -> (artifact id: '420ff096bab0c7fe63b25f9465b33efb') in 0.062339 seconds
  Import took 0.065807 seconds .

========================================================================
Received Import Request.
  Time since last request: 0.003718 seconds.
  path: Assets/Prefabs/CianProjectile.prefab
  artifactKey: Guid(925d6209cf2a72848a8478df079f6e7e) Importer(815301076,1909f56bfc062723c751e8b465ee728b)
Start importing Assets/Prefabs/CianProjectile.prefab using Guid(925d6209cf2a72848a8478df079f6e7e) Importer(815301076,1909f56bfc062723c751e8b465ee728b)  -> (artifact id: '420ff096bab0c7fe63b25f9465b33efb') in 0.008393 seconds
  Import took 0.011616 seconds .

========================================================================
Received Import Request.
  Time since last request: 193.891745 seconds.
  path: Assets/Scripts/InputActions.inputactions
  artifactKey: Guid(ebab36149538a9f47bdf2278f5fcb4ba) Importer(815301076,1909f56bfc062723c751e8b465ee728b)
Start importing Assets/Scripts/InputActions.inputactions using Guid(ebab36149538a9f47bdf2278f5fcb4ba) Importer(815301076,1909f56bfc062723c751e8b465ee728b)  -> (artifact id: '739344c087b73b0b465032d66207a8ae') in 0.007891 seconds
  Import took 0.011211 seconds .

========================================================================
Received Prepare
Registering precompiled user dll's ...
Registered in 0.000895 seconds.
Begin MonoManager ReloadAssembly
Native extension for WindowsStandalone target not found
Refreshing native plugins compatible for Editor in 0.37 ms, found 1 plugins.
Preloading 0 native plugins for Editor in 0.00 ms.
Mono: successfully reloaded assembly
- Completed reload, in  0.831 seconds
Platform modules already initialized, skipping
Refreshing native plugins compatible for Editor in 0.37 ms, found 1 plugins.
Preloading 0 native plugins for Editor in 0.00 ms.
Unloading 2104 Unused Serialized files (Serialized files now loaded: 0)
System memory in use before: 98.9 MB.
System memory in use after: 98.9 MB.

Unloading 12 unused Assets to reduce memory usage. Loaded Objects now: 2597.
Total: 2.151000 ms (FindLiveObjects: 0.191800 ms CreateObjectMapping: 0.076500 ms MarkObjects: 1.784200 ms  DeleteObjects: 0.097500 ms)

========================================================================
Received Import Request.
  Time since last request: 21.504369 seconds.
  path: Assets/Scripts/Weapon
  artifactKey: Guid(bd9688ae0653a9342aace9ea191d6a09) Importer(815301076,1909f56bfc062723c751e8b465ee728b)
Start importing Assets/Scripts/Weapon using Guid(bd9688ae0653a9342aace9ea191d6a09) Importer(815301076,1909f56bfc062723c751e8b465ee728b)  -> (artifact id: 'e8bf4bb3552ee290473ee74698f5eed7') in 0.006655 seconds
  Import took 0.014273 seconds .

========================================================================
Received Import Request.
  Time since last request: 0.000667 seconds.
  path: Assets/Scripts/Weapon
  artifactKey: Guid(bd9688ae0653a9342aace9ea191d6a09) Importer(815301076,1909f56bfc062723c751e8b465ee728b)
Start importing Assets/Scripts/Weapon using Guid(bd9688ae0653a9342aace9ea191d6a09) Importer(815301076,1909f56bfc062723c751e8b465ee728b)  -> (artifact id: 'e8bf4bb3552ee290473ee74698f5eed7') in 0.002681 seconds
  Import took 0.006443 seconds .

========================================================================
Received Prepare
Registering precompiled user dll's ...
Registered in 0.000877 seconds.
Begin MonoManager ReloadAssembly
Native extension for WindowsStandalone target not found
Refreshing native plugins compatible for Editor in 0.35 ms, found 1 plugins.
Preloading 0 native plugins for Editor in 0.00 ms.
Mono: successfully reloaded assembly
- Completed reload, in  0.846 seconds
Platform modules already initialized, skipping
Refreshing native plugins compatible for Editor in 0.35 ms, found 1 plugins.
Preloading 0 native plugins for Editor in 0.00 ms.
Unloading 2104 Unused Serialized files (Serialized files now loaded: 0)
System memory in use before: 98.9 MB.
System memory in use after: 98.9 MB.

Unloading 12 unused Assets to reduce memory usage. Loaded Objects now: 2601.
Total: 2.932500 ms (FindLiveObjects: 0.638200 ms CreateObjectMapping: 0.124300 ms MarkObjects: 2.026100 ms  DeleteObjects: 0.142200 ms)

========================================================================
Received Import Request.
  Time since last request: 351.890820 seconds.
  path: Assets/Scripts/Weapon/Weapon.cs
  artifactKey: Guid(eeb02183011d5494b85480282d0276fd) Importer(815301076,1909f56bfc062723c751e8b465ee728b)
Start importing Assets/Scripts/Weapon/Weapon.cs using Guid(eeb02183011d5494b85480282d0276fd) Importer(815301076,1909f56bfc062723c751e8b465ee728b)  -> (artifact id: '30a92599b2494f24947978b94ed456ca') in 0.011411 seconds
  Import took 0.015148 seconds .

========================================================================
Received Import Request.
  Time since last request: 0.059179 seconds.
  path: Assets/Scripts/Weapon/Weapon.cs
  artifactKey: Guid(eeb02183011d5494b85480282d0276fd) Importer(815301076,1909f56bfc062723c751e8b465ee728b)
Start importing Assets/Scripts/Weapon/Weapon.cs using Guid(eeb02183011d5494b85480282d0276fd) Importer(815301076,1909f56bfc062723c751e8b465ee728b)  -> (artifact id: '30a92599b2494f24947978b94ed456ca') in 0.002433 seconds
  Import took 0.006122 seconds .

========================================================================
Received Prepare
Registering precompiled user dll's ...
Registered in 0.000968 seconds.
Begin MonoManager ReloadAssembly
Native extension for WindowsStandalone target not found
Refreshing native plugins compatible for Editor in 0.37 ms, found 1 plugins.
Preloading 0 native plugins for Editor in 0.00 ms.
Mono: successfully reloaded assembly
- Completed reload, in  0.950 seconds
Platform modules already initialized, skipping
Refreshing native plugins compatible for Editor in 0.38 ms, found 1 plugins.
Preloading 0 native plugins for Editor in 0.00 ms.
Unloading 2104 Unused Serialized files (Serialized files now loaded: 0)
System memory in use before: 98.9 MB.
System memory in use after: 98.9 MB.

Unloading 12 unused Assets to reduce memory usage. Loaded Objects now: 2605.
Total: 2.152100 ms (FindLiveObjects: 0.184700 ms CreateObjectMapping: 0.069300 ms MarkObjects: 1.795800 ms  DeleteObjects: 0.101200 ms)

========================================================================
Received Prepare
Registering precompiled user dll's ...
Registered in 0.001201 seconds.
Begin MonoManager ReloadAssembly
Native extension for WindowsStandalone target not found
Refreshing native plugins compatible for Editor in 0.35 ms, found 1 plugins.
Preloading 0 native plugins for Editor in 0.00 ms.
Mono: successfully reloaded assembly
- Completed reload, in  0.887 seconds
Platform modules already initialized, skipping
Refreshing native plugins compatible for Editor in 0.35 ms, found 1 plugins.
Preloading 0 native plugins for Editor in 0.00 ms.
Unloading 2104 Unused Serialized files (Serialized files now loaded: 0)
System memory in use before: 98.9 MB.
System memory in use after: 98.9 MB.

Unloading 12 unused Assets to reduce memory usage. Loaded Objects now: 2609.
Total: 2.978800 ms (FindLiveObjects: 0.328100 ms CreateObjectMapping: 0.103800 ms MarkObjects: 2.438300 ms  DeleteObjects: 0.107500 ms)

========================================================================
Received Prepare
Registering precompiled user dll's ...
Registered in 0.000955 seconds.
Begin MonoManager ReloadAssembly
Native extension for WindowsStandalone target not found
Refreshing native plugins compatible for Editor in 0.41 ms, found 1 plugins.
Preloading 0 native plugins for Editor in 0.00 ms.
Mono: successfully reloaded assembly
- Completed reload, in  0.820 seconds
Platform modules already initialized, skipping
Refreshing native plugins compatible for Editor in 0.35 ms, found 1 plugins.
Preloading 0 native plugins for Editor in 0.00 ms.
Unloading 2104 Unused Serialized files (Serialized files now loaded: 0)
System memory in use before: 99.0 MB.
System memory in use after: 98.9 MB.

Unloading 12 unused Assets to reduce memory usage. Loaded Objects now: 2613.
Total: 3.100000 ms (FindLiveObjects: 0.220900 ms CreateObjectMapping: 0.102000 ms MarkObjects: 2.646000 ms  DeleteObjects: 0.130100 ms)

========================================================================
Received Prepare
Registering precompiled user dll's ...
Registered in 0.000997 seconds.
Begin MonoManager ReloadAssembly
Native extension for WindowsStandalone target not found
Refreshing native plugins compatible for Editor in 0.35 ms, found 1 plugins.
Preloading 0 native plugins for Editor in 0.00 ms.
Mono: successfully reloaded assembly
- Completed reload, in  0.860 seconds
Platform modules already initialized, skipping
Refreshing native plugins compatible for Editor in 0.36 ms, found 1 plugins.
Preloading 0 native plugins for Editor in 0.00 ms.
Unloading 2104 Unused Serialized files (Serialized files now loaded: 0)
System memory in use before: 99.0 MB.
System memory in use after: 98.9 MB.

Unloading 12 unused Assets to reduce memory usage. Loaded Objects now: 2617.
Total: 2.752100 ms (FindLiveObjects: 0.572700 ms CreateObjectMapping: 0.088700 ms MarkObjects: 1.983400 ms  DeleteObjects: 0.105800 ms)

========================================================================
Received Prepare
Registering precompiled user dll's ...
Registered in 0.000957 seconds.
Begin MonoManager ReloadAssembly
Native extension for WindowsStandalone target not found
Refreshing native plugins compatible for Editor in 0.40 ms, found 1 plugins.
Preloading 0 native plugins for Editor in 0.00 ms.
Mono: successfully reloaded assembly
- Completed reload, in  1.011 seconds
Platform modules already initialized, skipping
Refreshing native plugins compatible for Editor in 0.39 ms, found 1 plugins.
Preloading 0 native plugins for Editor in 0.00 ms.
Unloading 2104 Unused Serialized files (Serialized files now loaded: 0)
System memory in use before: 99.0 MB.
System memory in use after: 99.0 MB.

Unloading 12 unused Assets to reduce memory usage. Loaded Objects now: 2621.
Total: 3.625300 ms (FindLiveObjects: 0.249100 ms CreateObjectMapping: 0.109400 ms MarkObjects: 3.127900 ms  DeleteObjects: 0.137400 ms)

========================================================================
Received Prepare
Registering precompiled user dll's ...
Registered in 0.000927 seconds.
Begin MonoManager ReloadAssembly
Native extension for WindowsStandalone target not found
Refreshing native plugins compatible for Editor in 0.35 ms, found 1 plugins.
Preloading 0 native plugins for Editor in 0.00 ms.
Mono: successfully reloaded assembly
- Completed reload, in  0.840 seconds
Platform modules already initialized, skipping
Refreshing native plugins compatible for Editor in 0.39 ms, found 1 plugins.
Preloading 0 native plugins for Editor in 0.00 ms.
Unloading 2104 Unused Serialized files (Serialized files now loaded: 0)
System memory in use before: 99.0 MB.
System memory in use after: 99.0 MB.

Unloading 12 unused Assets to reduce memory usage. Loaded Objects now: 2625.
Total: 2.721900 ms (FindLiveObjects: 0.395300 ms CreateObjectMapping: 0.212500 ms MarkObjects: 1.962800 ms  DeleteObjects: 0.150500 ms)

========================================================================
Received Prepare
Registering precompiled user dll's ...
Registered in 0.000998 seconds.
Begin MonoManager ReloadAssembly
Native extension for WindowsStandalone target not found
Refreshing native plugins compatible for Editor in 0.38 ms, found 1 plugins.
Preloading 0 native plugins for Editor in 0.00 ms.
Mono: successfully reloaded assembly
- Completed reload, in  0.996 seconds
Platform modules already initialized, skipping
Refreshing native plugins compatible for Editor in 0.36 ms, found 1 plugins.
Preloading 0 native plugins for Editor in 0.00 ms.
Unloading 2104 Unused Serialized files (Serialized files now loaded: 0)
System memory in use before: 99.0 MB.
System memory in use after: 99.0 MB.

Unloading 12 unused Assets to reduce memory usage. Loaded Objects now: 2629.
Total: 4.855200 ms (FindLiveObjects: 0.424900 ms CreateObjectMapping: 0.157900 ms MarkObjects: 4.032500 ms  DeleteObjects: 0.238200 ms)

========================================================================
Received Prepare
Registering precompiled user dll's ...
Registered in 0.000954 seconds.
Begin MonoManager ReloadAssembly
Native extension for WindowsStandalone target not found
Refreshing native plugins compatible for Editor in 0.41 ms, found 1 plugins.
Preloading 0 native plugins for Editor in 0.00 ms.
Mono: successfully reloaded assembly
- Completed reload, in  1.011 seconds
Platform modules already initialized, skipping
Refreshing native plugins compatible for Editor in 0.49 ms, found 1 plugins.
Preloading 0 native plugins for Editor in 0.00 ms.
Unloading 2104 Unused Serialized files (Serialized files now loaded: 0)
System memory in use before: 99.0 MB.
System memory in use after: 99.0 MB.

Unloading 12 unused Assets to reduce memory usage. Loaded Objects now: 2633.
Total: 2.340600 ms (FindLiveObjects: 0.203500 ms CreateObjectMapping: 0.084700 ms MarkObjects: 1.918500 ms  DeleteObjects: 0.132600 ms)

========================================================================
Received Prepare
Registering precompiled user dll's ...
Registered in 0.000923 seconds.
Begin MonoManager ReloadAssembly
Native extension for WindowsStandalone target not found
Refreshing native plugins compatible for Editor in 0.58 ms, found 1 plugins.
Preloading 0 native plugins for Editor in 0.00 ms.
Mono: successfully reloaded assembly
- Completed reload, in  0.921 seconds
Platform modules already initialized, skipping
Refreshing native plugins compatible for Editor in 0.53 ms, found 1 plugins.
Preloading 0 native plugins for Editor in 0.00 ms.
Unloading 2104 Unused Serialized files (Serialized files now loaded: 0)
System memory in use before: 99.0 MB.
System memory in use after: 99.0 MB.

Unloading 12 unused Assets to reduce memory usage. Loaded Objects now: 2637.
Total: 2.526000 ms (FindLiveObjects: 0.396100 ms CreateObjectMapping: 0.091000 ms MarkObjects: 1.936300 ms  DeleteObjects: 0.101500 ms)

========================================================================
Received Prepare
Registering precompiled user dll's ...
Registered in 0.000954 seconds.
Begin MonoManager ReloadAssembly
Native extension for WindowsStandalone target not found
Refreshing native plugins compatible for Editor in 0.36 ms, found 1 plugins.
Preloading 0 native plugins for Editor in 0.00 ms.
Mono: successfully reloaded assembly
- Completed reload, in  0.889 seconds
Platform modules already initialized, skipping
Refreshing native plugins compatible for Editor in 0.35 ms, found 1 plugins.
Preloading 0 native plugins for Editor in 0.00 ms.
Unloading 2104 Unused Serialized files (Serialized files now loaded: 0)
System memory in use before: 99.0 MB.
System memory in use after: 99.0 MB.

Unloading 12 unused Assets to reduce memory usage. Loaded Objects now: 2641.
Total: 2.818300 ms (FindLiveObjects: 0.307400 ms CreateObjectMapping: 0.119300 ms MarkObjects: 2.247100 ms  DeleteObjects: 0.143100 ms)

========================================================================
Received Prepare
Registering precompiled user dll's ...
Registered in 0.000966 seconds.
Begin MonoManager ReloadAssembly
Native extension for WindowsStandalone target not found
Refreshing native plugins compatible for Editor in 0.38 ms, found 1 plugins.
Preloading 0 native plugins for Editor in 0.00 ms.
Mono: successfully reloaded assembly
- Completed reload, in  0.883 seconds
Platform modules already initialized, skipping
Refreshing native plugins compatible for Editor in 0.39 ms, found 1 plugins.
Preloading 0 native plugins for Editor in 0.00 ms.
Unloading 2104 Unused Serialized files (Serialized files now loaded: 0)
System memory in use before: 99.0 MB.
System memory in use after: 99.0 MB.

Unloading 12 unused Assets to reduce memory usage. Loaded Objects now: 2645.
Total: 2.287200 ms (FindLiveObjects: 0.232600 ms CreateObjectMapping: 0.072900 ms MarkObjects: 1.875800 ms  DeleteObjects: 0.104700 ms)

========================================================================
Received Prepare
Registering precompiled user dll's ...
Registered in 0.001654 seconds.
Begin MonoManager ReloadAssembly
Native extension for WindowsStandalone target not found
Refreshing native plugins compatible for Editor in 0.35 ms, found 1 plugins.
Preloading 0 native plugins for Editor in 0.00 ms.
Mono: successfully reloaded assembly
- Completed reload, in  0.930 seconds
Platform modules already initialized, skipping
Refreshing native plugins compatible for Editor in 0.35 ms, found 1 plugins.
Preloading 0 native plugins for Editor in 0.00 ms.
Unloading 2104 Unused Serialized files (Serialized files now loaded: 0)
System memory in use before: 99.1 MB.
System memory in use after: 99.0 MB.

Unloading 12 unused Assets to reduce memory usage. Loaded Objects now: 2649.
Total: 2.364800 ms (FindLiveObjects: 0.228500 ms CreateObjectMapping: 0.099300 ms MarkObjects: 1.933300 ms  DeleteObjects: 0.102600 ms)

========================================================================
Received Prepare
Registering precompiled user dll's ...
Registered in 0.001440 seconds.
Begin MonoManager ReloadAssembly
Native extension for WindowsStandalone target not found
Refreshing native plugins compatible for Editor in 0.40 ms, found 1 plugins.
Preloading 0 native plugins for Editor in 0.00 ms.
Mono: successfully reloaded assembly
- Completed reload, in  0.867 seconds
Platform modules already initialized, skipping
Refreshing native plugins compatible for Editor in 0.34 ms, found 1 plugins.
Preloading 0 native plugins for Editor in 0.00 ms.
Unloading 2104 Unused Serialized files (Serialized files now loaded: 0)
System memory in use before: 99.1 MB.
System memory in use after: 99.0 MB.

Unloading 12 unused Assets to reduce memory usage. Loaded Objects now: 2653.
Total: 2.348000 ms (FindLiveObjects: 0.279700 ms CreateObjectMapping: 0.190300 ms MarkObjects: 1.784600 ms  DeleteObjects: 0.092100 ms)

========================================================================
Received Prepare
Registering precompiled user dll's ...
Registered in 0.004473 seconds.
Begin MonoManager ReloadAssembly
Native extension for WindowsStandalone target not found
Refreshing native plugins compatible for Editor in 0.47 ms, found 1 plugins.
Preloading 0 native plugins for Editor in 0.00 ms.
Mono: successfully reloaded assembly
- Completed reload, in  2.321 seconds
Platform modules already initialized, skipping
Refreshing native plugins compatible for Editor in 0.51 ms, found 1 plugins.
Preloading 0 native plugins for Editor in 0.00 ms.
Unloading 2104 Unused Serialized files (Serialized files now loaded: 0)
System memory in use before: 99.1 MB.
System memory in use after: 99.1 MB.

Unloading 12 unused Assets to reduce memory usage. Loaded Objects now: 2657.
Total: 3.245200 ms (FindLiveObjects: 0.256600 ms CreateObjectMapping: 0.113400 ms MarkObjects: 2.670400 ms  DeleteObjects: 0.203200 ms)

========================================================================
Received Import Request.
  Time since last request: 1091.725593 seconds.
  path: Assets/Scripts/Weapon/Weapon.cs
  artifactKey: Guid(eeb02183011d5494b85480282d0276fd) Importer(815301076,1909f56bfc062723c751e8b465ee728b)
Start importing Assets/Scripts/Weapon/Weapon.cs using Guid(eeb02183011d5494b85480282d0276fd) Importer(815301076,1909f56bfc062723c751e8b465ee728b)  -> (artifact id: '033b64039a254c8f8ef904d3be283135') in 0.012252 seconds
  Import took 0.018105 seconds .

========================================================================
Received Import Request.
  Time since last request: 0.000323 seconds.
  path: Assets/Sprites/Enemies/zombie_n_skeleton2.png
  artifactKey: Guid(801bf370fe40f024cb999c93bc6cc0ae) Importer(815301076,1909f56bfc062723c751e8b465ee728b)
Start importing Assets/Sprites/Enemies/zombie_n_skeleton2.png using Guid(801bf370fe40f024cb999c93bc6cc0ae) Importer(815301076,1909f56bfc062723c751e8b465ee728b)  -> (artifact id: 'd4324f4f8fe96d8321e4e40c4a8618a7') in 0.086749 seconds
  Import took 0.096441 seconds .

========================================================================
Received Import Request.
  Time since last request: 17.284454 seconds.
  path: Assets/Scripts/Weapon/Projectile.cs
  artifactKey: Guid(accb052deb9d3f2468a15bdba05f8ca2) Importer(815301076,1909f56bfc062723c751e8b465ee728b)
Start importing Assets/Scripts/Weapon/Projectile.cs using Guid(accb052deb9d3f2468a15bdba05f8ca2) Importer(815301076,1909f56bfc062723c751e8b465ee728b)  -> (artifact id: 'ad856e86640ebbf1cca3f94caaa936ba') in 0.010214 seconds
  Import took 0.017830 seconds .

========================================================================
Received Prepare
Registering precompiled user dll's ...
Registered in 0.001780 seconds.
Begin MonoManager ReloadAssembly
Native extension for WindowsStandalone target not found
Refreshing native plugins compatible for Editor in 1.36 ms, found 1 plugins.
Preloading 0 native plugins for Editor in 0.00 ms.
Mono: successfully reloaded assembly
- Completed reload, in  2.582 seconds
Platform modules already initialized, skipping
Refreshing native plugins compatible for Editor in 1.46 ms, found 1 plugins.
Preloading 0 native plugins for Editor in 0.00 ms.
Unloading 2105 Unused Serialized files (Serialized files now loaded: 0)
System memory in use before: 99.1 MB.
System memory in use after: 99.1 MB.

Unloading 12 unused Assets to reduce memory usage. Loaded Objects now: 2663.
Total: 6.896100 ms (FindLiveObjects: 0.619600 ms CreateObjectMapping: 0.280100 ms MarkObjects: 5.616700 ms  DeleteObjects: 0.375800 ms)

========================================================================
Received Import Request.
  Time since last request: 110.793755 seconds.
  path: Assets/Scripts/Weapon/Projectile.cs
  artifactKey: Guid(accb052deb9d3f2468a15bdba05f8ca2) Importer(815301076,1909f56bfc062723c751e8b465ee728b)
Start importing Assets/Scripts/Weapon/Projectile.cs using Guid(accb052deb9d3f2468a15bdba05f8ca2) Importer(815301076,1909f56bfc062723c751e8b465ee728b)  -> (artifact id: 'b69d7628d2cfab79ecc117e33a1faf27') in 0.017902 seconds
  Import took 0.026719 seconds .

========================================================================
Received Prepare
Registering precompiled user dll's ...
Registered in 0.001448 seconds.
Begin MonoManager ReloadAssembly
Native extension for WindowsStandalone target not found
Refreshing native plugins compatible for Editor in 0.62 ms, found 1 plugins.
Preloading 0 native plugins for Editor in 0.00 ms.
Mono: successfully reloaded assembly
- Completed reload, in  1.853 seconds
Platform modules already initialized, skipping
Refreshing native plugins compatible for Editor in 1.11 ms, found 1 plugins.
Preloading 0 native plugins for Editor in 0.00 ms.
Unloading 2105 Unused Serialized files (Serialized files now loaded: 0)
System memory in use before: 99.1 MB.
System memory in use after: 99.1 MB.

Unloading 12 unused Assets to reduce memory usage. Loaded Objects now: 2667.
Total: 4.880300 ms (FindLiveObjects: 0.454800 ms CreateObjectMapping: 0.235100 ms MarkObjects: 3.949800 ms  DeleteObjects: 0.238100 ms)

========================================================================
Received Import Request.
  Time since last request: 34.845962 seconds.
  path: Assets/Prefabs/CianProjectile.prefab
  artifactKey: Guid(925d6209cf2a72848a8478df079f6e7e) Importer(815301076,1909f56bfc062723c751e8b465ee728b)
Start importing Assets/Prefabs/CianProjectile.prefab using Guid(925d6209cf2a72848a8478df079f6e7e) Importer(815301076,1909f56bfc062723c751e8b465ee728b)  -> (artifact id: '62f661d4ac67c697935afa24d20c1700') in 0.093146 seconds
  Import took 0.097833 seconds .

========================================================================
Received Import Request.
  Time since last request: 6.424634 seconds.
  path: Assets/Prefabs/CianProjectile.prefab
  artifactKey: Guid(925d6209cf2a72848a8478df079f6e7e) Importer(815301076,1909f56bfc062723c751e8b465ee728b)
Start importing Assets/Prefabs/CianProjectile.prefab using Guid(925d6209cf2a72848a8478df079f6e7e) Importer(815301076,1909f56bfc062723c751e8b465ee728b)  -> (artifact id: '9e64f0bebe323e59ce44129b05054113') in 0.013644 seconds
  Import took 0.018915 seconds .

========================================================================
Received Prepare
Registering precompiled user dll's ...
Registered in 0.001006 seconds.
Begin MonoManager ReloadAssembly
Native extension for WindowsStandalone target not found
Refreshing native plugins compatible for Editor in 1.50 ms, found 1 plugins.
Preloading 0 native plugins for Editor in 0.00 ms.
Mono: successfully reloaded assembly
- Completed reload, in  2.034 seconds
Platform modules already initialized, skipping
Refreshing native plugins compatible for Editor in 1.34 ms, found 1 plugins.
Preloading 0 native plugins for Editor in 0.00 ms.
Unloading 2105 Unused Serialized files (Serialized files now loaded: 0)
System memory in use before: 99.1 MB.
System memory in use after: 99.1 MB.

Unloading 12 unused Assets to reduce memory usage. Loaded Objects now: 2672.
Total: 7.071300 ms (FindLiveObjects: 0.834000 ms CreateObjectMapping: 0.231600 ms MarkObjects: 5.779600 ms  DeleteObjects: 0.222400 ms)

========================================================================
Received Import Request.
  Time since last request: 7.841366 seconds.
  path: Assets/Prefabs/CianProjectile.prefab
  artifactKey: Guid(925d6209cf2a72848a8478df079f6e7e) Importer(815301076,1909f56bfc062723c751e8b465ee728b)
Start importing Assets/Prefabs/CianProjectile.prefab using Guid(925d6209cf2a72848a8478df079f6e7e) Importer(815301076,1909f56bfc062723c751e8b465ee728b)  -> (artifact id: '95527248ff55b148944a09adb0942a18') in 0.261455 seconds
  Import took 0.283413 seconds .

========================================================================
Received Prepare
Registering precompiled user dll's ...
Registered in 0.001878 seconds.
Begin MonoManager ReloadAssembly
Native extension for WindowsStandalone target not found
Refreshing native plugins compatible for Editor in 0.54 ms, found 1 plugins.
Preloading 0 native plugins for Editor in 0.00 ms.
Mono: successfully reloaded assembly
- Completed reload, in  1.131 seconds
Platform modules already initialized, skipping
Refreshing native plugins compatible for Editor in 0.41 ms, found 1 plugins.
Preloading 0 native plugins for Editor in 0.00 ms.
Unloading 2105 Unused Serialized files (Serialized files now loaded: 0)
System memory in use before: 99.1 MB.
System memory in use after: 99.1 MB.

Unloading 12 unused Assets to reduce memory usage. Loaded Objects now: 2677.
Total: 3.557000 ms (FindLiveObjects: 0.235300 ms CreateObjectMapping: 0.212600 ms MarkObjects: 2.749400 ms  DeleteObjects: 0.339200 ms)

========================================================================
Received Prepare
Registering precompiled user dll's ...
Registered in 0.002656 seconds.
Begin MonoManager ReloadAssembly
Native extension for WindowsStandalone target not found
Refreshing native plugins compatible for Editor in 0.47 ms, found 1 plugins.
Preloading 0 native plugins for Editor in 0.00 ms.
Mono: successfully reloaded assembly
- Completed reload, in  1.704 seconds
Platform modules already initialized, skipping
Refreshing native plugins compatible for Editor in 0.52 ms, found 1 plugins.
Preloading 0 native plugins for Editor in 0.00 ms.
Unloading 2105 Unused Serialized files (Serialized files now loaded: 0)
System memory in use before: 99.2 MB.
System memory in use after: 99.1 MB.

Unloading 12 unused Assets to reduce memory usage. Loaded Objects now: 2681.
Total: 4.833400 ms (FindLiveObjects: 0.357100 ms CreateObjectMapping: 0.141900 ms MarkObjects: 4.203700 ms  DeleteObjects: 0.129100 ms)

========================================================================
Received Prepare
Registering precompiled user dll's ...
Registered in 0.001463 seconds.
Begin MonoManager ReloadAssembly
Native extension for WindowsStandalone target not found
Refreshing native plugins compatible for Editor in 1.03 ms, found 1 plugins.
Preloading 0 native plugins for Editor in 0.00 ms.
Mono: successfully reloaded assembly
- Completed reload, in  1.688 seconds
Platform modules already initialized, skipping
Refreshing native plugins compatible for Editor in 0.56 ms, found 1 plugins.
Preloading 0 native plugins for Editor in 0.00 ms.
Unloading 2105 Unused Serialized files (Serialized files now loaded: 0)
System memory in use before: 99.2 MB.
System memory in use after: 99.1 MB.

Unloading 12 unused Assets to reduce memory usage. Loaded Objects now: 2685.
Total: 5.777400 ms (FindLiveObjects: 0.674900 ms CreateObjectMapping: 0.404000 ms MarkObjects: 4.542500 ms  DeleteObjects: 0.153900 ms)

========================================================================
Received Import Request.
  Time since last request: 216.468378 seconds.
  path: Assets/Prefabs/CianProjectile.prefab
  artifactKey: Guid(925d6209cf2a72848a8478df079f6e7e) Importer(815301076,1909f56bfc062723c751e8b465ee728b)
Start importing Assets/Prefabs/CianProjectile.prefab using Guid(925d6209cf2a72848a8478df079f6e7e) Importer(815301076,1909f56bfc062723c751e8b465ee728b)  -> (artifact id: 'f9819f3426b7b44344fae5f35e1ce9f9') in 0.124116 seconds
  Import took 0.132241 seconds .

========================================================================
Received Prepare
Registering precompiled user dll's ...
Registered in 0.001147 seconds.
Begin MonoManager ReloadAssembly
Native extension for WindowsStandalone target not found
Refreshing native plugins compatible for Editor in 1.89 ms, found 1 plugins.
Preloading 0 native plugins for Editor in 0.00 ms.
Mono: successfully reloaded assembly
- Completed reload, in  2.635 seconds
Platform modules already initialized, skipping
Refreshing native plugins compatible for Editor in 1.29 ms, found 1 plugins.
Preloading 0 native plugins for Editor in 0.00 ms.
Unloading 2105 Unused Serialized files (Serialized files now loaded: 0)
System memory in use before: 99.2 MB.
System memory in use after: 99.2 MB.

Unloading 12 unused Assets to reduce memory usage. Loaded Objects now: 2690.
Total: 7.598200 ms (FindLiveObjects: 1.348600 ms CreateObjectMapping: 0.567400 ms MarkObjects: 5.534700 ms  DeleteObjects: 0.143300 ms)

========================================================================
Received Import Request.
  Time since last request: 16.455009 seconds.
  path: Assets/Prefabs/CianProjectile.prefab
  artifactKey: Guid(925d6209cf2a72848a8478df079f6e7e) Importer(815301076,1909f56bfc062723c751e8b465ee728b)
Start importing Assets/Prefabs/CianProjectile.prefab using Guid(925d6209cf2a72848a8478df079f6e7e) Importer(815301076,1909f56bfc062723c751e8b465ee728b)  -> (artifact id: '5cd0821826f3012ceb74a37608f122aa') in 0.086511 seconds
  Import took 0.092770 seconds .

========================================================================
Received Import Request.
  Time since last request: 289.538948 seconds.
  path: Assets/Prefabs/CianProjectile.prefab
  artifactKey: Guid(925d6209cf2a72848a8478df079f6e7e) Importer(815301076,1909f56bfc062723c751e8b465ee728b)
Start importing Assets/Prefabs/CianProjectile.prefab using Guid(925d6209cf2a72848a8478df079f6e7e) Importer(815301076,1909f56bfc062723c751e8b465ee728b)  -> (artifact id: '53349a312cdf0fbb1aa6184c4afb29c3') in 0.016233 seconds
  Import took 0.022948 seconds .

========================================================================
Received Import Request.
  Time since last request: 0.005218 seconds.
  path: Assets/Prefabs/CianProjectile.prefab
  artifactKey: Guid(925d6209cf2a72848a8478df079f6e7e) Importer(815301076,1909f56bfc062723c751e8b465ee728b)
Start importing Assets/Prefabs/CianProjectile.prefab using Guid(925d6209cf2a72848a8478df079f6e7e) Importer(815301076,1909f56bfc062723c751e8b465ee728b)  -> (artifact id: '53349a312cdf0fbb1aa6184c4afb29c3') in 0.031544 seconds
  Import took 0.038269 seconds .

========================================================================
Received Import Request.
  Time since last request: 4.220752 seconds.
  path: Assets/Prefabs/CianProjectile.prefab
  artifactKey: Guid(925d6209cf2a72848a8478df079f6e7e) Importer(815301076,1909f56bfc062723c751e8b465ee728b)
Start importing Assets/Prefabs/CianProjectile.prefab using Guid(925d6209cf2a72848a8478df079f6e7e) Importer(815301076,1909f56bfc062723c751e8b465ee728b)  -> (artifact id: '3ab1509b46dc259940efd8ae328abf58') in 0.034619 seconds
  Import took 0.044963 seconds .

========================================================================
Received Import Request.
  Time since last request: 1.151400 seconds.
  path: Assets/Prefabs/CianProjectile.prefab
  artifactKey: Guid(925d6209cf2a72848a8478df079f6e7e) Importer(815301076,1909f56bfc062723c751e8b465ee728b)
Start importing Assets/Prefabs/CianProjectile.prefab using Guid(925d6209cf2a72848a8478df079f6e7e) Importer(815301076,1909f56bfc062723c751e8b465ee728b)  -> (artifact id: '025b9c2bb81561ce6026d56a55e3247e') in 0.014114 seconds
  Import took 0.020106 seconds .

========================================================================
Received Prepare
Registering precompiled user dll's ...
Registered in 0.002639 seconds.
Begin MonoManager ReloadAssembly
Native extension for WindowsStandalone target not found
Refreshing native plugins compatible for Editor in 0.70 ms, found 1 plugins.
Preloading 0 native plugins for Editor in 0.00 ms.
Mono: successfully reloaded assembly
- Completed reload, in  3.365 seconds
Platform modules already initialized, skipping
Refreshing native plugins compatible for Editor in 0.51 ms, found 1 plugins.
Preloading 0 native plugins for Editor in 0.00 ms.
Unloading 2105 Unused Serialized files (Serialized files now loaded: 0)
System memory in use before: 99.2 MB.
System memory in use after: 99.2 MB.

Unloading 12 unused Assets to reduce memory usage. Loaded Objects now: 2695.
Total: 3.360700 ms (FindLiveObjects: 0.286300 ms CreateObjectMapping: 0.091900 ms MarkObjects: 2.848100 ms  DeleteObjects: 0.132400 ms)

========================================================================
Received Prepare
Registering precompiled user dll's ...
Registered in 0.003075 seconds.
Begin MonoManager ReloadAssembly
Native extension for WindowsStandalone target not found
Refreshing native plugins compatible for Editor in 0.77 ms, found 1 plugins.
Preloading 0 native plugins for Editor in 0.00 ms.
Mono: successfully reloaded assembly
- Completed reload, in  2.708 seconds
Platform modules already initialized, skipping
Refreshing native plugins compatible for Editor in 0.54 ms, found 1 plugins.
Preloading 0 native plugins for Editor in 0.00 ms.
Unloading 2105 Unused Serialized files (Serialized files now loaded: 0)
System memory in use before: 99.2 MB.
System memory in use after: 99.2 MB.

Unloading 12 unused Assets to reduce memory usage. Loaded Objects now: 2699.
Total: 3.825400 ms (FindLiveObjects: 0.300400 ms CreateObjectMapping: 0.147500 ms MarkObjects: 3.216400 ms  DeleteObjects: 0.159400 ms)

========================================================================
Received Prepare
Registering precompiled user dll's ...
Registered in 0.002779 seconds.
Begin MonoManager ReloadAssembly
Native extension for WindowsStandalone target not found
Refreshing native plugins compatible for Editor in 0.74 ms, found 1 plugins.
Preloading 0 native plugins for Editor in 0.00 ms.
Mono: successfully reloaded assembly
- Completed reload, in  1.704 seconds
Platform modules already initialized, skipping
Refreshing native plugins compatible for Editor in 0.56 ms, found 1 plugins.
Preloading 0 native plugins for Editor in 0.00 ms.
Unloading 2105 Unused Serialized files (Serialized files now loaded: 0)
System memory in use before: 99.2 MB.
System memory in use after: 99.2 MB.

Unloading 12 unused Assets to reduce memory usage. Loaded Objects now: 2703.
Total: 3.073200 ms (FindLiveObjects: 0.369500 ms CreateObjectMapping: 0.143800 ms MarkObjects: 2.398700 ms  DeleteObjects: 0.159600 ms)

========================================================================
Received Import Request.
  Time since last request: 1408.277274 seconds.
  path: Assets/Prefabs/CianProjectile.prefab
  artifactKey: Guid(925d6209cf2a72848a8478df079f6e7e) Importer(815301076,1909f56bfc062723c751e8b465ee728b)
Start importing Assets/Prefabs/CianProjectile.prefab using Guid(925d6209cf2a72848a8478df079f6e7e) Importer(815301076,1909f56bfc062723c751e8b465ee728b)  -> (artifact id: 'c5d4b6b50fd0b1d52ceb74f2a2cc59a0') in 0.089868 seconds
  Import took 0.095711 seconds .

========================================================================
Received Prepare
Registering precompiled user dll's ...
Registered in 0.001004 seconds.
Begin MonoManager ReloadAssembly
Native extension for WindowsStandalone target not found
Refreshing native plugins compatible for Editor in 1.05 ms, found 1 plugins.
Preloading 0 native plugins for Editor in 0.00 ms.
Mono: successfully reloaded assembly
- Completed reload, in  2.426 seconds
Platform modules already initialized, skipping
Refreshing native plugins compatible for Editor in 1.26 ms, found 1 plugins.
Preloading 0 native plugins for Editor in 0.00 ms.
Unloading 2105 Unused Serialized files (Serialized files now loaded: 0)
System memory in use before: 99.2 MB.
System memory in use after: 99.2 MB.

Unloading 12 unused Assets to reduce memory usage. Loaded Objects now: 2708.
Total: 6.150100 ms (FindLiveObjects: 0.429900 ms CreateObjectMapping: 0.167900 ms MarkObjects: 5.219700 ms  DeleteObjects: 0.328500 ms)

========================================================================
Received Prepare
Registering precompiled user dll's ...
Registered in 0.001195 seconds.
Begin MonoManager ReloadAssembly
Native extension for WindowsStandalone target not found
Refreshing native plugins compatible for Editor in 0.99 ms, found 1 plugins.
Preloading 0 native plugins for Editor in 0.00 ms.
Mono: successfully reloaded assembly
- Completed reload, in  2.657 seconds
Platform modules already initialized, skipping
Refreshing native plugins compatible for Editor in 1.19 ms, found 1 plugins.
Preloading 0 native plugins for Editor in 0.00 ms.
Unloading 2105 Unused Serialized files (Serialized files now loaded: 0)
System memory in use before: 99.2 MB.
System memory in use after: 99.2 MB.

Unloading 12 unused Assets to reduce memory usage. Loaded Objects now: 2712.
Total: 7.003600 ms (FindLiveObjects: 0.586400 ms CreateObjectMapping: 0.259200 ms MarkObjects: 5.812100 ms  DeleteObjects: 0.342600 ms)

========================================================================
Received Prepare
Registering precompiled user dll's ...
Registered in 0.001406 seconds.
Begin MonoManager ReloadAssembly
Native extension for WindowsStandalone target not found
Refreshing native plugins compatible for Editor in 1.03 ms, found 1 plugins.
Preloading 0 native plugins for Editor in 0.00 ms.
Mono: successfully reloaded assembly
- Completed reload, in  2.113 seconds
Platform modules already initialized, skipping
Refreshing native plugins compatible for Editor in 1.27 ms, found 1 plugins.
Preloading 0 native plugins for Editor in 0.00 ms.
Unloading 2105 Unused Serialized files (Serialized files now loaded: 0)
System memory in use before: 99.3 MB.
System memory in use after: 99.3 MB.

Unloading 12 unused Assets to reduce memory usage. Loaded Objects now: 2716.
Total: 7.862900 ms (FindLiveObjects: 0.692000 ms CreateObjectMapping: 0.277300 ms MarkObjects: 6.572800 ms  DeleteObjects: 0.317600 ms)

========================================================================
Received Prepare
Registering precompiled user dll's ...
Registered in 0.001779 seconds.
Begin MonoManager ReloadAssembly
Native extension for WindowsStandalone target not found
Refreshing native plugins compatible for Editor in 0.95 ms, found 1 plugins.
Preloading 0 native plugins for Editor in 0.00 ms.
Mono: successfully reloaded assembly
- Completed reload, in  2.107 seconds
Platform modules already initialized, skipping
Refreshing native plugins compatible for Editor in 0.59 ms, found 1 plugins.
Preloading 0 native plugins for Editor in 0.00 ms.
Unloading 2105 Unused Serialized files (Serialized files now loaded: 0)
System memory in use before: 99.3 MB.
System memory in use after: 99.3 MB.

Unloading 12 unused Assets to reduce memory usage. Loaded Objects now: 2720.
Total: 4.809300 ms (FindLiveObjects: 0.438200 ms CreateObjectMapping: 0.138700 ms MarkObjects: 4.074800 ms  DeleteObjects: 0.155800 ms)

========================================================================
Received Prepare
Registering precompiled user dll's ...
Registered in 0.001850 seconds.
Begin MonoManager ReloadAssembly
Native extension for WindowsStandalone target not found
Refreshing native plugins compatible for Editor in 0.73 ms, found 1 plugins.
Preloading 0 native plugins for Editor in 0.00 ms.
Mono: successfully reloaded assembly
- Completed reload, in  2.804 seconds
Platform modules already initialized, skipping
Refreshing native plugins compatible for Editor in 1.12 ms, found 1 plugins.
Preloading 0 native plugins for Editor in 0.00 ms.
Unloading 2105 Unused Serialized files (Serialized files now loaded: 0)
System memory in use before: 99.4 MB.
System memory in use after: 99.4 MB.

Unloading 12 unused Assets to reduce memory usage. Loaded Objects now: 2724.
Total: 4.068100 ms (FindLiveObjects: 0.605500 ms CreateObjectMapping: 0.332300 ms MarkObjects: 2.914400 ms  DeleteObjects: 0.210900 ms)

========================================================================
Received Prepare
Registering precompiled user dll's ...
Registered in 0.002327 seconds.
Begin MonoManager ReloadAssembly
Native extension for WindowsStandalone target not found
Refreshing native plugins compatible for Editor in 1.20 ms, found 1 plugins.
Preloading 0 native plugins for Editor in 0.00 ms.
Mono: successfully reloaded assembly
- Completed reload, in  1.864 seconds
Platform modules already initialized, skipping
Refreshing native plugins compatible for Editor in 0.58 ms, found 1 plugins.
Preloading 0 native plugins for Editor in 0.00 ms.
Unloading 2105 Unused Serialized files (Serialized files now loaded: 0)
System memory in use before: 99.4 MB.
System memory in use after: 99.4 MB.

Unloading 12 unused Assets to reduce memory usage. Loaded Objects now: 2728.
Total: 3.780700 ms (FindLiveObjects: 0.285300 ms CreateObjectMapping: 0.129500 ms MarkObjects: 3.073300 ms  DeleteObjects: 0.291300 ms)

========================================================================
Received Prepare
Registering precompiled user dll's ...
Registered in 0.002642 seconds.
Begin MonoManager ReloadAssembly
Native extension for WindowsStandalone target not found
Refreshing native plugins compatible for Editor in 0.90 ms, found 1 plugins.
Preloading 0 native plugins for Editor in 0.00 ms.
Mono: successfully reloaded assembly
- Completed reload, in  3.265 seconds
Platform modules already initialized, skipping
Refreshing native plugins compatible for Editor in 1.13 ms, found 1 plugins.
Preloading 0 native plugins for Editor in 0.00 ms.
Unloading 2105 Unused Serialized files (Serialized files now loaded: 0)
System memory in use before: 99.4 MB.
System memory in use after: 99.5 MB.

Unloading 12 unused Assets to reduce memory usage. Loaded Objects now: 2732.
Total: 6.192600 ms (FindLiveObjects: 0.696200 ms CreateObjectMapping: 0.278000 ms MarkObjects: 4.899800 ms  DeleteObjects: 0.316500 ms)

========================================================================
Received Prepare
Registering precompiled user dll's ...
Registered in 0.000839 seconds.
Begin MonoManager ReloadAssembly
Native extension for WindowsStandalone target not found
Refreshing native plugins compatible for Editor in 0.34 ms, found 1 plugins.
Preloading 0 native plugins for Editor in 0.00 ms.
Mono: successfully reloaded assembly
- Completed reload, in  0.782 seconds
Platform modules already initialized, skipping
Refreshing native plugins compatible for Editor in 0.34 ms, found 1 plugins.
Preloading 0 native plugins for Editor in 0.00 ms.
Unloading 2105 Unused Serialized files (Serialized files now loaded: 0)
System memory in use before: 99.4 MB.
System memory in use after: 99.5 MB.

Unloading 12 unused Assets to reduce memory usage. Loaded Objects now: 2736.
Total: 2.764100 ms (FindLiveObjects: 0.199400 ms CreateObjectMapping: 0.074800 ms MarkObjects: 2.304100 ms  DeleteObjects: 0.184700 ms)

